<?xml version="1.0" encoding="utf-8"?><testsuites name="pytest tests"><testsuite name="pytest" errors="0" failures="0" skipped="0" tests="13" time="47.559" timestamp="2026-04-20T11:19:39.549812+00:00" hostname="agent-env-11577fe7-9f5a-4748-9814-ecee73bf5732"><testcase classname="backend.tests.backend_test.TestHealth" name="test_root" time="0.209" /><testcase classname="backend.tests.backend_test.TestSettings" name="test_get_settings_has_shodan_flags" time="0.044" /><testcase classname="backend.tests.backend_test.TestSettings" name="test_put_shodan_key_persisted" time="0.148" /><testcase classname="backend.tests.backend_test.TestModeValidation" name="test_ip_mode_accepts_valid_ipv4" time="0.098" /><testcase classname="backend.tests.backend_test.TestModeValidation" name="test_ip_mode_rejects_invalid_ip" time="0.046" /><testcase classname="backend.tests.backend_test.TestModeValidation" name="test_ip_mode_rejects_domain" time="0.045" /><testcase classname="backend.tests.backend_test.TestModeValidation" name="test_website_mode_creates_scan" time="0.088" /><testcase classname="backend.tests.backend_test.TestModeValidation" name="test_dork_mode_creates_scan" time="0.122" /><testcase classname="backend.tests.backend_test.TestModeValidation" name="test_domain_mode_stored" time="0.131" /><testcase classname="backend.tests.backend_test.TestListHasMode" name="test_list_scans_have_mode" time="0.193" /><testcase classname="backend.tests.backend_test.TestIPScanE2E" name="test_ip_scan_8888_completes_with_shodan" time="3.280" /><testcase classname="backend.tests.backend_test.TestWebsiteScanE2E" name="test_website_scan_example_com" time="3.226" /><testcase classname="backend.tests.backend_test.TestDomainScanE2E" name="test_domain_scan_example_com" time="39.833" /></testsuite></testsuites>