<?xml version="1.0" encoding="utf-8"?><testsuites name="pytest tests"><testsuite name="pytest" errors="0" failures="0" skipped="0" tests="11" time="28.537" timestamp="2026-04-20T10:52:09.969784+00:00" hostname="agent-env-11577fe7-9f5a-4748-9814-ecee73bf5732"><testcase classname="backend.tests.backend_test.TestHealth" name="test_root_health" time="0.151" /><testcase classname="backend.tests.backend_test.TestSettings" name="test_get_settings_masked" time="0.046" /><testcase classname="backend.tests.backend_test.TestSettings" name="test_put_settings_stores_and_masks" time="0.114" /><testcase classname="backend.tests.backend_test.TestScanValidation" name="test_create_scan_empty_target" time="0.043" /><testcase classname="backend.tests.backend_test.TestScanValidation" name="test_create_scan_invalid_target" time="0.044" /><testcase classname="backend.tests.backend_test.TestScanValidation" name="test_get_nonexistent_scan" time="0.052" /><testcase classname="backend.tests.backend_test.TestScanValidation" name="test_report_nonexistent_scan" time="0.046" /><testcase classname="backend.tests.backend_test.TestScanValidation" name="test_delete_nonexistent_scan" time="0.043" /><testcase classname="backend.tests.backend_test.TestScanList" name="test_list_scans" time="0.052" /><testcase classname="backend.tests.backend_test.TestScanCreation" name="test_create_scan_returns_id_and_queued" time="0.171" /><testcase classname="backend.tests.backend_test.TestScanEndToEnd" name="test_scan_completes_and_report_renders" time="27.698" /></testsuite></testsuites>